2015-07-31 13:14:36,211 INFO supervisord started with pid 81514
2015-07-31 13:14:37,221 INFO spawned: 'ts-4' with pid 81517
2015-07-31 13:14:37,223 INFO spawned: 'ts-0' with pid 81518
2015-07-31 13:14:37,227 INFO spawned: 'ts-1' with pid 81519
2015-07-31 13:14:37,230 INFO spawned: 'ts-2' with pid 81520
2015-07-31 13:14:37,235 INFO spawned: 'ts-3' with pid 81521
2015-07-31 13:14:37,462 INFO exited: ts-3 (exit status 1; not expected)
2015-07-31 13:14:37,479 INFO exited: ts-1 (exit status 1; not expected)
2015-07-31 13:14:37,484 INFO exited: ts-4 (exit status 1; not expected)
2015-07-31 13:14:37,485 INFO exited: ts-0 (exit status 1; not expected)
2015-07-31 13:14:37,490 INFO exited: ts-2 (exit status 1; not expected)
2015-07-31 13:14:38,492 INFO spawned: 'ts-4' with pid 81522
2015-07-31 13:14:38,494 INFO spawned: 'ts-0' with pid 81523
2015-07-31 13:14:38,497 INFO spawned: 'ts-1' with pid 81524
2015-07-31 13:14:38,500 INFO spawned: 'ts-2' with pid 81525
2015-07-31 13:14:38,504 INFO spawned: 'ts-3' with pid 81526
2015-07-31 13:14:38,655 INFO exited: ts-2 (exit status 1; not expected)
2015-07-31 13:14:38,680 INFO exited: ts-0 (exit status 1; not expected)
2015-07-31 13:14:38,681 INFO exited: ts-4 (exit status 1; not expected)
2015-07-31 13:14:38,683 INFO exited: ts-3 (exit status 1; not expected)
2015-07-31 13:14:38,686 INFO exited: ts-1 (exit status 1; not expected)
2015-07-31 13:14:40,696 INFO spawned: 'ts-4' with pid 81527
2015-07-31 13:14:40,699 INFO spawned: 'ts-0' with pid 81528
2015-07-31 13:14:40,702 INFO spawned: 'ts-1' with pid 81529
2015-07-31 13:14:40,706 INFO spawned: 'ts-2' with pid 81530
2015-07-31 13:14:40,710 INFO spawned: 'ts-3' with pid 81531
2015-07-31 13:14:40,863 INFO exited: ts-2 (exit status 1; not expected)
2015-07-31 13:14:40,879 INFO exited: ts-0 (exit status 1; not expected)
2015-07-31 13:14:40,883 INFO exited: ts-4 (exit status 1; not expected)
2015-07-31 13:14:40,887 INFO exited: ts-1 (exit status 1; not expected)
2015-07-31 13:14:40,892 INFO exited: ts-3 (exit status 1; not expected)
2015-07-31 13:14:43,902 INFO spawned: 'ts-4' with pid 81532
2015-07-31 13:14:43,905 INFO spawned: 'ts-0' with pid 81533
2015-07-31 13:14:43,908 INFO spawned: 'ts-1' with pid 81534
2015-07-31 13:14:43,911 INFO spawned: 'ts-2' with pid 81535
2015-07-31 13:14:43,915 INFO spawned: 'ts-3' with pid 81536
2015-07-31 13:14:44,091 INFO exited: ts-0 (exit status 1; not expected)
2015-07-31 13:14:44,094 INFO gave up: ts-0 entered FATAL state, too many start retries too quickly
2015-07-31 13:14:44,095 INFO exited: ts-4 (exit status 1; not expected)
2015-07-31 13:14:44,105 INFO gave up: ts-4 entered FATAL state, too many start retries too quickly
2015-07-31 13:14:44,108 INFO exited: ts-1 (exit status 1; not expected)
2015-07-31 13:14:44,114 INFO gave up: ts-1 entered FATAL state, too many start retries too quickly
2015-07-31 13:14:44,115 INFO exited: ts-2 (exit status 1; not expected)
2015-07-31 13:14:44,117 INFO gave up: ts-2 entered FATAL state, too many start retries too quickly
2015-07-31 13:14:44,118 INFO exited: ts-3 (exit status 1; not expected)
2015-07-31 13:14:45,122 INFO gave up: ts-3 entered FATAL state, too many start retries too quickly
2015-07-31 13:14:47,903 WARN received SIGINT indicating exit request
2015-07-31 13:15:39,299 INFO supervisord started with pid 81630
2015-07-31 13:15:40,304 INFO spawned: 'ts-4' with pid 81633
2015-07-31 13:15:40,307 INFO spawned: 'ts-0' with pid 81634
2015-07-31 13:15:40,309 INFO spawned: 'ts-1' with pid 81635
2015-07-31 13:15:40,316 INFO spawned: 'ts-2' with pid 81636
2015-07-31 13:15:40,320 INFO spawned: 'ts-3' with pid 81637
2015-07-31 13:15:41,323 INFO success: ts-4 entered RUNNING state, process has stayed up for > than 1 seconds (startsecs)
2015-07-31 13:15:41,323 INFO success: ts-0 entered RUNNING state, process has stayed up for > than 1 seconds (startsecs)
2015-07-31 13:15:41,323 INFO success: ts-1 entered RUNNING state, process has stayed up for > than 1 seconds (startsecs)
2015-07-31 13:15:41,323 INFO success: ts-2 entered RUNNING state, process has stayed up for > than 1 seconds (startsecs)
2015-07-31 13:15:41,324 INFO success: ts-3 entered RUNNING state, process has stayed up for > than 1 seconds (startsecs)
2015-07-31 13:15:41,920 INFO exited: ts-3 (exit status 2; expected)
2015-07-31 13:15:41,966 INFO exited: ts-1 (exit status 2; expected)
2015-07-31 13:15:41,979 INFO exited: ts-0 (exit status 2; expected)
2015-07-31 13:15:41,989 INFO exited: ts-2 (exit status 2; expected)
2015-07-31 13:15:41,996 INFO exited: ts-4 (exit status 2; expected)
2015-07-31 13:15:42,995 WARN received SIGINT indicating exit request
2015-07-31 13:18:38,437 INFO supervisord started with pid 81917
2015-07-31 13:18:39,443 INFO spawned: 'ts-4' with pid 81920
2015-07-31 13:18:39,445 INFO spawned: 'ts-0' with pid 81921
2015-07-31 13:18:39,448 INFO spawned: 'ts-1' with pid 81922
2015-07-31 13:18:39,451 INFO spawned: 'ts-2' with pid 81923
2015-07-31 13:18:39,455 INFO spawned: 'ts-3' with pid 81924
2015-07-31 13:18:40,461 INFO success: ts-4 entered RUNNING state, process has stayed up for > than 1 seconds (startsecs)
2015-07-31 13:18:40,462 INFO success: ts-0 entered RUNNING state, process has stayed up for > than 1 seconds (startsecs)
2015-07-31 13:18:40,462 INFO success: ts-1 entered RUNNING state, process has stayed up for > than 1 seconds (startsecs)
2015-07-31 13:18:40,462 INFO success: ts-2 entered RUNNING state, process has stayed up for > than 1 seconds (startsecs)
2015-07-31 13:18:40,462 INFO success: ts-3 entered RUNNING state, process has stayed up for > than 1 seconds (startsecs)
2015-07-31 13:19:22,677 WARN received SIGINT indicating exit request
2015-07-31 13:19:22,677 INFO waiting for ts-4, ts-0, ts-1, ts-2, ts-3 to die
2015-07-31 13:19:22,681 INFO stopped: ts-3 (terminated by SIGKILL)
2015-07-31 13:19:22,681 INFO stopped: ts-2 (terminated by SIGKILL)
2015-07-31 13:19:22,681 INFO stopped: ts-1 (terminated by SIGKILL)
2015-07-31 13:19:22,682 INFO stopped: ts-0 (terminated by SIGKILL)
2015-07-31 13:19:22,682 INFO stopped: ts-4 (terminated by SIGKILL)
